<?xml version="1.0" encoding="UTF-8"?>
<!-- Generated by org.testng.reporters.JUnitXMLReporter -->
<testsuite hostname="DDC2-D-CG1WXC2" ignored="0" name="Test1" tests="5" failures="0" timestamp="12 Dec 2019 05:23:47 GMT" time="100.847" errors="0">
  <testcase name="registration" time="82.741" classname="com.acc_selenium_prac1.Newtours_demo"/>
  <testcase name="Login" time="0.002" classname="com.acc_selenium_prac1.TestNG_1"/>
  <testcase name="google" time="0.001" classname="com.acc_selenium_prac1.Testing_2"/>
  <testcase name="facebook" time="0.001" classname="com.acc_selenium_prac1.Testing_2"/>
  <testcase name="gmail" time="0.001" classname="com.acc_selenium_prac1.Testing_2"/>
</testsuite> <!-- Test1 -->
